<?xml version="1.0" encoding="UTF-8"?>
<!-- Generated by org.testng.reporters.JUnitXMLReporter -->
<testsuite ignored="0" hostname="DESKTOP-DA6GEAH" failures="0" tests="3" name="Default test" time="27.828" errors="0" timestamp="27 Jun. 2023 03:48:48 GMT">
  <testcase classname="com.AmazonCA.qa.testcases.Homepagetest" name="HomepageTitleTest" time="0.022"/>
  <testcase classname="com.AmazonCA.qa.testcases.Homepagetest" name="footerpresentTest" time="0.25"/>
  <testcase classname="com.AmazonCA.qa.testcases.Homepagetest" name="logopresentTest" time="0.203"/>
</testsuite> <!-- Default test -->
