<?xml version="1.0" encoding="UTF-8"?>
<testng-results ignored="0" total="3" passed="3" failed="0" skipped="0">
  <reporter-output>
  </reporter-output>
  <suite started-at="2023-06-27T03:48:20Z" name="Default suite" finished-at="2023-06-27T03:48:48Z" duration-ms="27828">
    <groups>
    </groups>
    <test started-at="2023-06-27T03:48:20Z" name="Default test" finished-at="2023-06-27T03:48:48Z" duration-ms="27828">
      <class name="com.AmazonCA.qa.testcases.Homepagetest">
        <test-method is-config="true" signature="setUp()[pri:0, instance:com.AmazonCA.qa.testcases.Homepagetest@7cbd9d24]" started-at="2023-06-27T03:48:20Z" name="setUp" finished-at="2023-06-27T03:48:28Z" duration-ms="7626" status="PASS">
          <reporter-output>
          </reporter-output>
        </test-method> <!-- setUp -->
        <test-method signature="HomepageTitleTest()[pri:0, instance:com.AmazonCA.qa.testcases.Homepagetest@7cbd9d24]" started-at="2023-06-27T03:48:28Z" name="HomepageTitleTest" finished-at="2023-06-27T03:48:28Z" duration-ms="22" status="PASS">
          <reporter-output>
          </reporter-output>
        </test-method> <!-- HomepageTitleTest -->
        <test-method is-config="true" signature="tearDown()[pri:0, instance:com.AmazonCA.qa.testcases.Homepagetest@7cbd9d24]" started-at="2023-06-27T03:48:28Z" name="tearDown" finished-at="2023-06-27T03:48:30Z" duration-ms="2044" status="PASS">
          <reporter-output>
          </reporter-output>
        </test-method> <!-- tearDown -->
        <test-method is-config="true" signature="setUp()[pri:0, instance:com.AmazonCA.qa.testcases.Homepagetest@7cbd9d24]" started-at="2023-06-27T03:48:30Z" name="setUp" finished-at="2023-06-27T03:48:36Z" duration-ms="6870" status="PASS">
          <reporter-output>
          </reporter-output>
        </test-method> <!-- setUp -->
        <test-method signature="footerpresentTest()[pri:0, instance:com.AmazonCA.qa.testcases.Homepagetest@7cbd9d24]" started-at="2023-06-27T03:48:36Z" name="footerpresentTest" finished-at="2023-06-27T03:48:37Z" duration-ms="250" status="PASS">
          <reporter-output>
          </reporter-output>
        </test-method> <!-- footerpresentTest -->
        <test-method is-config="true" signature="tearDown()[pri:0, instance:com.AmazonCA.qa.testcases.Homepagetest@7cbd9d24]" started-at="2023-06-27T03:48:37Z" name="tearDown" finished-at="2023-06-27T03:48:39Z" duration-ms="1860" status="PASS">
          <reporter-output>
          </reporter-output>
        </test-method> <!-- tearDown -->
        <test-method is-config="true" signature="setUp()[pri:0, instance:com.AmazonCA.qa.testcases.Homepagetest@7cbd9d24]" started-at="2023-06-27T03:48:39Z" name="setUp" finished-at="2023-06-27T03:48:45Z" duration-ms="6787" status="PASS">
          <reporter-output>
          </reporter-output>
        </test-method> <!-- setUp -->
        <test-method signature="logopresentTest()[pri:0, instance:com.AmazonCA.qa.testcases.Homepagetest@7cbd9d24]" started-at="2023-06-27T03:48:45Z" name="logopresentTest" finished-at="2023-06-27T03:48:46Z" duration-ms="203" status="PASS">
          <reporter-output>
          </reporter-output>
        </test-method> <!-- logopresentTest -->
        <test-method is-config="true" signature="tearDown()[pri:0, instance:com.AmazonCA.qa.testcases.Homepagetest@7cbd9d24]" started-at="2023-06-27T03:48:46Z" name="tearDown" finished-at="2023-06-27T03:48:48Z" duration-ms="2123" status="PASS">
          <reporter-output>
          </reporter-output>
        </test-method> <!-- tearDown -->
      </class> <!-- com.AmazonCA.qa.testcases.Homepagetest -->
    </test> <!-- Default test -->
  </suite> <!-- Default suite -->
</testng-results>
